TN:
SF:components\navigation\bottom-nav.tsx
FN:50,BottomNav
FN:55,(anonymous_1)
FN:66,(anonymous_2)
FN:99,(anonymous_3)
FN:119,(anonymous_4)
FNF:5
FNH:5
FNDA:16,BottomNav
FNDA:16,(anonymous_1)
FNDA:3,(anonymous_2)
FNDA:29,(anonymous_3)
FNDA:3,(anonymous_4)
DA:51,16
DA:52,16
DA:55,16
DA:56,16
DA:57,16
DA:62,16
DA:63,1
DA:66,15
DA:67,3
DA:69,2
DA:70,1
DA:72,1
DA:76,15
DA:101,29
DA:102,29
DA:103,29
DA:107,29
DA:110,29
DA:111,29
DA:116,29
DA:119,3
DA:180,1
LF:22
LH:22
BRDA:50,0,0,14
BRDA:56,1,0,16
BRDA:56,1,1,0
BRDA:62,2,0,1
BRDA:62,2,1,15
BRDA:62,3,0,16
BRDA:62,3,1,15
BRDA:67,4,0,1
BRDA:67,4,1,2
BRDA:69,5,0,1
BRDA:69,5,1,1
BRDA:101,6,0,29
BRDA:101,6,1,25
BRDA:102,7,0,29
BRDA:102,7,1,15
BRDA:107,8,0,29
BRDA:107,8,1,1
BRDA:110,9,0,29
BRDA:110,9,1,0
BRDA:129,10,0,29
BRDA:129,10,1,15
BRDA:152,11,0,15
BRDA:152,11,1,14
BRDA:163,12,0,15
BRDA:163,12,1,14
BRDA:166,13,0,15
BRDA:166,13,1,14
BRF:27
BRH:25
end_of_record
TN:
SF:components\ui\icon-symbol.tsx
FN:47,IconSymbol
FNF:1
FNH:0
FNDA:0,IconSymbol
DA:19,0
DA:59,0
LF:2
LH:0
BRDA:49,0,0,0
BRF:1
BRH:0
end_of_record
