<?xml version="1.0" encoding="UTF-8"?>
<coverage generated="1760882332765" clover="3.2.0">
  <project timestamp="1760882332765" name="All files">
    <metrics statements="24" coveredstatements="22" conditionals="28" coveredconditionals="25" methods="6" coveredmethods="5" elements="58" coveredelements="52" complexity="0" loc="24" ncloc="24" packages="2" files="2" classes="2"/>
    <package name="navigation">
      <metrics statements="22" coveredstatements="22" conditionals="27" coveredconditionals="25" methods="5" coveredmethods="5"/>
      <file name="bottom-nav.tsx" path="C:\Users\kings\Documents\sources\utilities\components\navigation\bottom-nav.tsx">
        <metrics statements="22" coveredstatements="22" conditionals="27" coveredconditionals="25" methods="5" coveredmethods="5"/>
        <line num="51" count="16" type="stmt"/>
        <line num="52" count="16" type="stmt"/>
        <line num="55" count="16" type="stmt"/>
        <line num="56" count="16" type="cond" truecount="1" falsecount="1"/>
        <line num="57" count="16" type="stmt"/>
        <line num="62" count="16" type="cond" truecount="4" falsecount="0"/>
        <line num="63" count="1" type="stmt"/>
        <line num="66" count="15" type="stmt"/>
        <line num="67" count="3" type="cond" truecount="2" falsecount="0"/>
        <line num="69" count="2" type="cond" truecount="2" falsecount="0"/>
        <line num="70" count="1" type="stmt"/>
        <line num="72" count="1" type="stmt"/>
        <line num="76" count="15" type="stmt"/>
        <line num="101" count="29" type="cond" truecount="2" falsecount="0"/>
        <line num="102" count="29" type="cond" truecount="2" falsecount="0"/>
        <line num="103" count="29" type="stmt"/>
        <line num="107" count="29" type="cond" truecount="2" falsecount="0"/>
        <line num="110" count="29" type="cond" truecount="1" falsecount="1"/>
        <line num="111" count="29" type="stmt"/>
        <line num="116" count="29" type="stmt"/>
        <line num="119" count="3" type="stmt"/>
        <line num="180" count="1" type="stmt"/>
      </file>
    </package>
    <package name="ui">
      <metrics statements="2" coveredstatements="0" conditionals="1" coveredconditionals="0" methods="1" coveredmethods="0"/>
      <file name="icon-symbol.tsx" path="C:\Users\kings\Documents\sources\utilities\components\ui\icon-symbol.tsx">
        <metrics statements="2" coveredstatements="0" conditionals="1" coveredconditionals="0" methods="1" coveredmethods="0"/>
        <line num="19" count="0" type="stmt"/>
        <line num="59" count="0" type="stmt"/>
      </file>
    </package>
  </project>
</coverage>
