{"C:\\Users\\kings\\Documents\\sources\\utilities\\components\\navigation\\bottom-nav.tsx": {"path":"C:\\Users\\kings\\Documents\\sources\\utilities\\components\\navigation\\bottom-nav.tsx","statementMap":{"0":{"start":{"line":51,"column":16},"end":{"line":51,"column":31}},"1":{"start":{"line":52,"column":19},"end":{"line":52,"column":32}},"2":{"start":{"line":55,"column":2},"end":{"line":59,"column":17}},"3":{"start":{"line":56,"column":4},"end":{"line":58,"column":5}},"4":{"start":{"line":57,"column":6},"end":{"line":57,"column":61}},"5":{"start":{"line":62,"column":2},"end":{"line":64,"column":3}},"6":{"start":{"line":63,"column":4},"end":{"line":63,"column":16}},"7":{"start":{"line":66,"column":25},"end":{"line":74,"column":3}},"8":{"start":{"line":67,"column":4},"end":{"line":67,"column":34}},"9":{"start":{"line":67,"column":27},"end":{"line":67,"column":34}},"10":{"start":{"line":69,"column":4},"end":{"line":73,"column":5}},"11":{"start":{"line":70,"column":6},"end":{"line":70,"column":26}},"12":{"start":{"line":72,"column":6},"end":{"line":72,"column":31}},"13":{"start":{"line":76,"column":2},"end":{"line":177,"column":4}},"14":{"start":{"line":101,"column":35},"end":{"line":101,"column":70}},"15":{"start":{"line":102,"column":35},"end":{"line":102,"column":70}},"16":{"start":{"line":103,"column":25},"end":{"line":103,"column":66}},"17":{"start":{"line":107,"column":25},"end":{"line":107,"column":53}},"18":{"start":{"line":110,"column":8},"end":{"line":114,"column":9}},"19":{"start":{"line":111,"column":10},"end":{"line":113,"column":12}},"20":{"start":{"line":116,"column":8},"end":{"line":174,"column":10}},"21":{"start":{"line":119,"column":27},"end":{"line":119,"column":52}},"22":{"start":{"line":180,"column":15},"end":{"line":230,"column":2}}},"fnMap":{"0":{"name":"BottomNav","decl":{"start":{"line":50,"column":16},"end":{"line":50,"column":25}},"loc":{"start":{"line":50,"column":71},"end":{"line":178,"column":1}},"line":50},"1":{"name":"(anonymous_1)","decl":{"start":{"line":55,"column":18},"end":{"line":55,"column":19}},"loc":{"start":{"line":55,"column":24},"end":{"line":59,"column":3}},"line":55},"2":{"name":"(anonymous_2)","decl":{"start":{"line":66,"column":25},"end":{"line":66,"column":26}},"loc":{"start":{"line":66,"column":43},"end":{"line":74,"column":3}},"line":66},"3":{"name":"(anonymous_3)","decl":{"start":{"line":99,"column":17},"end":{"line":99,"column":18}},"loc":{"start":{"line":99,"column":27},"end":{"line":175,"column":7}},"line":99},"4":{"name":"(anonymous_4)","decl":{"start":{"line":119,"column":21},"end":{"line":119,"column":22}},"loc":{"start":{"line":119,"column":27},"end":{"line":119,"column":52}},"line":119}},"branchMap":{"0":{"loc":{"start":{"line":50,"column":35},"end":{"line":50,"column":51}},"type":"default-arg","locations":[{"start":{"line":50,"column":47},"end":{"line":50,"column":51}}],"line":50},"1":{"loc":{"start":{"line":56,"column":4},"end":{"line":58,"column":5}},"type":"if","locations":[{"start":{"line":56,"column":4},"end":{"line":58,"column":5}},{"start":{},"end":{}}],"line":56},"2":{"loc":{"start":{"line":62,"column":2},"end":{"line":64,"column":3}},"type":"if","locations":[{"start":{"line":62,"column":2},"end":{"line":64,"column":3}},{"start":{},"end":{}}],"line":62},"3":{"loc":{"start":{"line":62,"column":6},"end":{"line":62,"column":40}},"type":"binary-expr","locations":[{"start":{"line":62,"column":6},"end":{"line":62,"column":15}},{"start":{"line":62,"column":19},"end":{"line":62,"column":40}}],"line":62},"4":{"loc":{"start":{"line":67,"column":4},"end":{"line":67,"column":34}},"type":"if","locations":[{"start":{"line":67,"column":4},"end":{"line":67,"column":34}},{"start":{},"end":{}}],"line":67},"5":{"loc":{"start":{"line":69,"column":4},"end":{"line":73,"column":5}},"type":"if","locations":[{"start":{"line":69,"column":4},"end":{"line":73,"column":5}},{"start":{"line":71,"column":11},"end":{"line":73,"column":5}}],"line":69},"6":{"loc":{"start":{"line":101,"column":35},"end":{"line":101,"column":70}},"type":"binary-expr","locations":[{"start":{"line":101,"column":35},"end":{"line":101,"column":63}},{"start":{"line":101,"column":67},"end":{"line":101,"column":70}}],"line":101},"7":{"loc":{"start":{"line":102,"column":35},"end":{"line":102,"column":70}},"type":"binary-expr","locations":[{"start":{"line":102,"column":35},"end":{"line":102,"column":63}},{"start":{"line":102,"column":67},"end":{"line":102,"column":70}}],"line":102},"8":{"loc":{"start":{"line":107,"column":25},"end":{"line":107,"column":53}},"type":"binary-expr","locations":[{"start":{"line":107,"column":25},"end":{"line":107,"column":40}},{"start":{"line":107,"column":44},"end":{"line":107,"column":53}}],"line":107},"9":{"loc":{"start":{"line":110,"column":8},"end":{"line":114,"column":9}},"type":"if","locations":[{"start":{"line":110,"column":8},"end":{"line":114,"column":9}},{"start":{},"end":{}}],"line":110},"10":{"loc":{"start":{"line":129,"column":16},"end":{"line":144,"column":17}},"type":"binary-expr","locations":[{"start":{"line":129,"column":16},"end":{"line":129,"column":24}},{"start":{"line":129,"column":28},"end":{"line":144,"column":17}}],"line":129},"11":{"loc":{"start":{"line":152,"column":20},"end":{"line":154,"column":53}},"type":"cond-expr","locations":[{"start":{"line":153,"column":24},"end":{"line":153,"column":44}},{"start":{"line":154,"column":24},"end":{"line":154,"column":53}}],"line":152},"12":{"loc":{"start":{"line":163,"column":27},"end":{"line":165,"column":53}},"type":"cond-expr","locations":[{"start":{"line":164,"column":24},"end":{"line":164,"column":44}},{"start":{"line":165,"column":24},"end":{"line":165,"column":53}}],"line":163},"13":{"loc":{"start":{"line":166,"column":32},"end":{"line":166,"column":56}},"type":"cond-expr","locations":[{"start":{"line":166,"column":43},"end":{"line":166,"column":48}},{"start":{"line":166,"column":51},"end":{"line":166,"column":56}}],"line":166}},"s":{"0":16,"1":16,"2":16,"3":16,"4":16,"5":16,"6":1,"7":15,"8":3,"9":1,"10":2,"11":1,"12":1,"13":15,"14":29,"15":29,"16":29,"17":29,"18":29,"19":29,"20":29,"21":3,"22":1},"f":{"0":16,"1":16,"2":3,"3":29,"4":3},"b":{"0":[14],"1":[16,0],"2":[1,15],"3":[16,15],"4":[1,2],"5":[1,1],"6":[29,25],"7":[29,15],"8":[29,1],"9":[29,0],"10":[29,15],"11":[15,14],"12":[15,14],"13":[15,14]},"_coverageSchema":"1a1c01bbd47fc00a2c39e90264f33305004495a9","hash":"801e8db9f9079a12253dedd9b1c332e555eebefb"}
,"C:\\Users\\kings\\Documents\\sources\\utilities\\components\\ui\\icon-symbol.tsx": {"path":"C:\\Users\\kings\\Documents\\sources\\utilities\\components\\ui\\icon-symbol.tsx","statementMap":{"0":{"start":{"line":19,"column":16},"end":{"line":40,"column":16}},"1":{"start":{"line":59,"column":2},"end":{"line":66,"column":4}}},"fnMap":{"0":{"name":"IconSymbol","decl":{"start":{"line":47,"column":16},"end":{"line":47,"column":26}},"loc":{"start":{"line":58,"column":3},"end":{"line":67,"column":1}},"line":58}},"branchMap":{"0":{"loc":{"start":{"line":49,"column":2},"end":{"line":49,"column":11}},"type":"default-arg","locations":[{"start":{"line":49,"column":9},"end":{"line":49,"column":11}}],"line":49}},"s":{"0":0,"1":0},"f":{"0":0},"b":{"0":[0]}}
}
